hello
hello
hello
hello
hello
hello
hello
hello
运行完成
运行完成
运行完成
运行完成
2019-07-19
=========
净多单
ag1912 永安期货 2019-07-19 20764
ag1912 方正中期期货 2019-07-19 14075
净空单
ag1912 申银万国期货 2019-07-19 10197
ag1912 东证期货 2019-07-19 6005
=========
通过主键读取一条记录:'>' not supported between instances of 'str' and 'float'
运行完成
2019-07-19
=========
净多单
ag1912 永安期货 2019-07-19 20764
ag1912 方正中期期货 2019-07-19 14075
净空单
ag1912 申银万国期货 2019-07-19 10197
ag1912 东证期货 2019-07-19 6005
=========
=========
净多单
al1909 方正中期期货 2019-07-19 2295
al1909 广发期货 2019-07-19 2101
净空单
al1909 中信期货 2019-07-19 13305
al1909 中粮期货 2019-07-19 8661
=========
=========
净多单
ap1910 华泰期货 2019-07-19 1165
ap1910 海通期货 2019-07-19 1017
净空单
ap1910 徽商期货 2019-07-19 933
ap1910 华安期货 2019-07-19 769
=========
=========
净多单
au1912 中信期货 2019-07-19 9049
au1912 国泰期货 2019-07-19 7542
净空单
au1912 平安期货 2019-07-19 60
au1912 中信期货 2019-07-19 0
=========
=========
净多单
bu1912 中信期货 2019-07-19 5662
bu1912 华泰期货 2019-07-19 5118
净空单
bu1912 永安期货 2019-07-19 30079
bu1912 浙商期货 2019-07-19 3739
=========
=========
净多单
cf1909 国泰期货 2019-07-19 5089
cf1909 中信期货 2019-07-19 4696
净空单
cf1909 永安期货 2019-07-19 7021
cf1909 光大期货 2019-07-19 6721
=========
=========
净多单
cj1912 方正中期期货 2019-07-19 420
cj1912 海通期货 2019-07-19 325
净空单
cj1912 国泰期货 2019-07-19 603
cj1912 中信期货 2019-07-19 582
=========
=========
净多单
cu1909 永安期货 2019-07-19 6833
cu1909 金瑞期货 2019-07-19 3713
净空单
cu1909 银河期货 2019-07-19 3022
cu1909 中国国际期货 2019-07-19 2037
=========
=========
净多单
eg1909 海通期货 2019-07-19 5643
eg1909 大地期货 2019-07-19 3898
净空单
eg1909 永安期货 2019-07-19 14146
eg1909 国投安信期货 2019-07-19 13987
=========
=========
净多单
fg1909 国泰期货 2019-07-19 9869
fg1909 中信期货 2019-07-19 3067
净空单
fg1909 海通期货 2019-07-19 2003
fg1909 银河期货 2019-07-19 1478
=========
=========
净多单
fu1909 中信期货 2019-07-19 3593
fu1909 方正中期期货 2019-07-19 775
净空单
fu1909 华泰期货 2019-07-19 1617
fu1909 广发期货 2019-07-19 319
=========
=========
净多单
fu2001 方正中期期货 2019-07-19 3034
fu2001 东证期货 2019-07-19 1555
净空单
fu2001 银河期货 2019-07-19 24239
fu2001 永安期货 2019-07-19 9199
=========
=========
净多单
hc1910 永安期货 2019-07-19 16343
hc1910 中信期货 2019-07-19 2120
净空单
hc1910 国泰期货 2019-07-19 13114
hc1910 银河期货 2019-07-19 8209
=========
=========
净多单
i1909 永安期货 2019-07-19 85174
i1909 申银万国期货 2019-07-19 23278
净空单
i1909 中信期货 2019-07-19 41914
i1909 广发期货 2019-07-19 20518
=========
=========
净多单
ic1908 国泰期货 2019-07-19 2099
ic1908 国投安信期货 2019-07-19 1165
净空单
ic1908 中信期货 2019-07-19 3980
ic1908 兴证期货 2019-07-19 1654
=========
=========
净多单
if1908 国泰期货 2019-07-19 1604
if1908 中信期货 2019-07-19 790
净空单
if1908 申银万国期货 2019-07-19 1964
if1908 东证期货 2019-07-19 1793
=========
=========
净多单
ih1908 国泰期货 2019-07-19 350
ih1908 国投安信期货 2019-07-19 263
净空单
ih1908 广发期货 2019-07-19 1520
ih1908 银河期货 2019-07-19 319
=========
=========
净多单
j1909 中信期货 2019-07-19 4150
j1909 兴证期货 2019-07-19 3945
净空单
j1909 永安期货 2019-07-19 13141
j1909 国投安信期货 2019-07-19 4201
=========
=========
净多单
jd1909 中信期货 2019-07-19 3242
jd1909 国泰期货 2019-07-19 2626
净空单
jd1909 中信建投期货 2019-07-19 2492
jd1909 华安期货 2019-07-19 2161
=========
=========
净多单
jm1909 国泰期货 2019-07-19 2377
jm1909 中信期货 2019-07-19 2336
净空单
jm1909 中粮期货 2019-07-19 4766
jm1909 东海期货 2019-07-19 3529
=========
=========
净多单
l1909 南华期货 2019-07-19 15286
l1909 广发期货 2019-07-19 13199
净空单
l1909 永安期货 2019-07-19 32457
l1909 国投安信期货 2019-07-19 16601
=========
=========
净多单
m1909 申银万国期货 2019-07-19 78440
m1909 兴证期货 2019-07-19 20697
净空单
m1909 国投安信期货 2019-07-19 75715
m1909 广发期货 2019-07-19 40114
=========
=========
净多单
ma1909 银河期货 2019-07-19 13986
ma1909 东海期货 2019-07-19 4373
净空单
ma1909 永安期货 2019-07-19 82275
ma1909 海通期货 2019-07-19 16046
=========
=========
净多单
ni1910 光大期货 2019-07-19 5639
ni1910 华泰期货 2019-07-19 3334
净空单
ni1910 五矿经易期货 2019-07-19 3143
ni1910 国泰期货 2019-07-19 2656
=========
=========
净多单
oi1909 中信建投期货 2019-07-19 4256
oi1909 中粮期货 2019-07-19 1356
净空单
oi1909 申银万国期货 2019-07-19 3477
oi1909 中国国际期货 2019-07-19 3314
=========
=========
净多单
p1909 广发期货 2019-07-19 9459
p1909 方正中期期货 2019-07-19 8614
净空单
p1909 中信期货 2019-07-19 24505
p1909 华泰期货 2019-07-19 13147
=========
=========
净多单
pb1909 南华期货 2019-07-19 3499
pb1909 中信期货 2019-07-19 2458
净空单
pb1909 五矿经易期货 2019-07-19 2984
pb1909 兴证期货 2019-07-19 282
=========
=========
净多单
rb1910 方正中期期货 2019-07-19 23703
rb1910 中信期货 2019-07-19 23641
净空单
rb1910 永安期货 2019-07-19 88636
rb1910 五矿经易期货 2019-07-19 18387
=========
=========
净多单
rm1909 永安期货 2019-07-19 15479
rm1909 南华期货 2019-07-19 8110
净空单
rm1909 中粮期货 2019-07-19 8546
rm1909 银河期货 2019-07-19 5986
=========
=========
净多单
ru1909 方正中期期货 2019-07-19 2978
ru1909 南华期货 2019-07-19 2205
净空单
ru1909 国投安信期货 2019-07-19 9878
ru1909 中信期货 2019-07-19 8347
=========
=========
净多单
sf1909 兴业期货 2019-07-19 7456
sf1909 东航期货 2019-07-19 1557
净空单
sf1909 弘业期货 2019-07-19 3611
sf1909 中信期货 2019-07-19 1346
=========
=========
净多单
sm1909 永安期货 2019-07-19 623
sm1909 华泰期货 2019-07-19 573
净空单
sm1909 中信期货 2019-07-19 750
sm1909 东证期货 2019-07-19 420
=========
=========
净多单
sn1909 国泰期货 2019-07-19 701
sn1909 方正中期期货 2019-07-19 436
净空单
sn1909 中信期货 2019-07-19 1595
sn1909 五矿经易期货 2019-07-19 369
=========
=========
净多单
sp1909 银河期货 2019-07-19 1822
sp1909 兴证期货 2019-07-19 1479
净空单
sp1909 永安期货 2019-07-19 22371
sp1909 华泰期货 2019-07-19 3453
=========
=========
净多单
sr1909 宏源期货 2019-07-19 11206
sr1909 海通期货 2019-07-19 3557
净空单
sr1909 中粮期货 2019-07-19 23050
sr1909 光大期货 2019-07-19 9888
=========
=========
净多单
ta1909 永安期货 2019-07-19 64092
ta1909 中信期货 2019-07-19 7073
净空单
ta1909 银河期货 2019-07-19 37847
ta1909 光大期货 2019-07-19 9201
=========
=========
净多单
y1909 中粮期货 2019-07-19 39127
y1909 光大期货 2019-07-19 10177
净空单
y1909 永安期货 2019-07-19 26131
y1909 国投安信期货 2019-07-19 19265
=========
=========
净多单
zc1909 新湖期货 2019-07-19 1038
zc1909 东证期货 2019-07-19 659
净空单
zc1909 永安期货 2019-07-19 3919
zc1909 银河期货 2019-07-19 3612
=========
=========
净多单
zn1909 中信期货 2019-07-19 3401
zn1909 国投安信期货 2019-07-19 3048
净空单
zn1909 永安期货 2019-07-19 13700
zn1909 华泰期货 2019-07-19 5551
=========
运行完成
运行完成
运行完成
2019-07-192019-07-19

==================

净多单
净多单ag1912 
永安期货 ag19122019-07-19  20764
永安期货ag1912  2019-07-19方正中期期货  2019-07-1920764 
14075
净空单ag1912
 ag1912方正中期期货  申银万国期货 2019-07-192019-07-19  10197
14075ag1912 
东证期货 净空单2019-07-19
ag1912  6005申银万国期货
========= 
2019-07-19 10197
ag1912 东证期货 2019-07-19 6005
=========
=========
净多单
al1909 方正中期期货 2019-07-19 2295
al1909 广发期货 2019-07-19 2101
净空单
al1909 中信期货 2019-07-19 13305
al1909 中粮期货 2019-07-19 8661
=========
=========
净多单
al1909 方正中期期货 2019-07-19 2295
al1909 广发期货 2019-07-19 2101
净空单
al1909 中信期货 2019-07-19 13305
al1909 中粮期货 2019-07-19 8661
=========
=========
净多单
ap1910 华泰期货 2019-07-19 1165
ap1910 海通期货 2019-07-19 1017
净空单
ap1910 徽商期货 2019-07-19 933
ap1910 华安期货 2019-07-19 769
=========
=========
净多单
ap1910 华泰期货 2019-07-19 1165
ap1910 海通期货 2019-07-19 1017
净空单
ap1910 徽商期货 2019-07-19 933
ap1910 华安期货 2019-07-19 769
=========
=========
净多单
au1912 中信期货 2019-07-19 9049
au1912 国泰期货 2019-07-19 7542
净空单
au1912 平安期货 2019-07-19 60
au1912 中信期货 2019-07-19 0
=========
=========
净多单
au1912 中信期货 2019-07-19 9049
au1912 国泰期货 2019-07-19 7542
净空单
au1912 平安期货 2019-07-19 60
au1912 中信期货 2019-07-19 0
=========
=========
净多单
bu1912 中信期货 2019-07-19 5662
bu1912 华泰期货 2019-07-19 5118
净空单
bu1912 永安期货 2019-07-19 30079
bu1912 浙商期货 2019-07-19 3739
=========
=========
净多单
bu1912 中信期货 2019-07-19 5662
bu1912 华泰期货 2019-07-19 5118
净空单
bu1912 永安期货 2019-07-19 30079
bu1912 浙商期货 2019-07-19 3739
=========
=========
净多单
cf1909 国泰期货 2019-07-19 5089
cf1909 中信期货 2019-07-19 4696
净空单
cf1909 永安期货 2019-07-19 7021
cf1909 光大期货 2019-07-19 6721
=========
=========
净多单
cf1909 国泰期货 2019-07-19 5089
cf1909 中信期货 2019-07-19 4696
净空单
cf1909 永安期货 2019-07-19 7021
cf1909 光大期货 2019-07-19 6721
=========
=========
净多单
cj1912 方正中期期货 2019-07-19 420
cj1912 海通期货 2019-07-19 325
净空单
cj1912 国泰期货 2019-07-19 603
cj1912 中信期货 2019-07-19 582
=========
=========
净多单
cj1912 方正中期期货 2019-07-19 420
cj1912 海通期货 2019-07-19 325
净空单
cj1912 国泰期货 2019-07-19 603
cj1912 中信期货 2019-07-19 582
=========
=========
净多单
cu1909 永安期货 2019-07-19 6833
cu1909 金瑞期货 2019-07-19 3713
净空单
cu1909 银河期货 2019-07-19 3022
cu1909 中国国际期货 2019-07-19 2037
=========
=========
净多单
cu1909 永安期货 2019-07-19 6833
cu1909 金瑞期货 2019-07-19 3713
净空单
cu1909 银河期货 2019-07-19 3022
cu1909 中国国际期货 2019-07-19 2037
=========
=========
净多单
eg1909 海通期货 2019-07-19 5643
eg1909 大地期货 2019-07-19 3898
净空单
eg1909 永安期货 2019-07-19 14146
eg1909 国投安信期货 2019-07-19 13987
=========
=========
净多单
eg1909 海通期货 2019-07-19 5643
eg1909 大地期货 2019-07-19 3898
净空单
eg1909 永安期货 2019-07-19 14146
eg1909 国投安信期货 2019-07-19 13987
=========
=========
净多单
fg1909 国泰期货 2019-07-19 9869
fg1909 中信期货 2019-07-19 3067
净空单
fg1909 海通期货 2019-07-19 2003
fg1909 银河期货 2019-07-19 1478
=========
=========
净多单
fg1909 国泰期货 2019-07-19 9869
fg1909 中信期货 2019-07-19 3067
净空单
fg1909 海通期货 2019-07-19 2003
fg1909 银河期货 2019-07-19 1478
=========
=========
净多单
fu1909 中信期货 2019-07-19 3593
fu1909 方正中期期货 2019-07-19 775
净空单
fu1909 华泰期货 2019-07-19 1617
fu1909 广发期货 2019-07-19 319
=========
=========
净多单
fu1909 中信期货 2019-07-19 3593
fu1909 方正中期期货 2019-07-19 775
净空单
fu1909 华泰期货 2019-07-19 1617
fu1909 广发期货 2019-07-19 319
=========
=========
净多单
fu2001 方正中期期货 2019-07-19 3034
fu2001 东证期货 2019-07-19 1555
净空单
fu2001 银河期货 2019-07-19 24239
fu2001 永安期货 2019-07-19 9199
=========
=========
净多单
fu2001 方正中期期货 2019-07-19 3034
fu2001 东证期货 2019-07-19 1555
净空单
fu2001 银河期货 2019-07-19 24239
fu2001 永安期货 2019-07-19 9199
=========
=========
净多单
hc1910 永安期货 2019-07-19 16343
hc1910 中信期货 2019-07-19 2120
净空单
hc1910 国泰期货 2019-07-19 13114
hc1910 银河期货 2019-07-19 8209
=========
=========
净多单
hc1910 永安期货 2019-07-19 16343
hc1910 中信期货 2019-07-19 2120
净空单
hc1910 国泰期货 2019-07-19 13114
hc1910 银河期货 2019-07-19 8209
=========
=========
净多单
i1909 永安期货 2019-07-19 85174
i1909 申银万国期货 2019-07-19 23278
净空单
i1909 中信期货 2019-07-19 41914
i1909 广发期货 2019-07-19 20518
=========
=========
净多单
i1909 永安期货 2019-07-19 85174
i1909 申银万国期货 2019-07-19 23278
净空单
i1909 中信期货 2019-07-19 41914
i1909 广发期货 2019-07-19 20518
=========
=========
净多单
ic1908 国泰期货 2019-07-19 2099
ic1908 国投安信期货 2019-07-19 1165
净空单
ic1908 中信期货 2019-07-19 3980
ic1908 兴证期货 2019-07-19 1654
=========
=========
净多单
ic1908 国泰期货 2019-07-19 2099
ic1908 国投安信期货 2019-07-19 1165
净空单
ic1908 中信期货 2019-07-19 3980
ic1908 兴证期货 2019-07-19 1654
=========
=========
净多单
if1908 国泰期货 2019-07-19 1604
if1908 中信期货 2019-07-19 790
净空单
if1908 申银万国期货 2019-07-19 1964
if1908 东证期货 2019-07-19 1793
=========
=========
净多单
if1908 国泰期货 2019-07-19 1604
if1908 中信期货 2019-07-19 790
净空单
if1908 申银万国期货 2019-07-19 1964
if1908 东证期货 2019-07-19 1793
=========
=========
净多单
ih1908 国泰期货 2019-07-19 350
ih1908 国投安信期货 2019-07-19 263
净空单
ih1908 广发期货 2019-07-19 1520
ih1908 银河期货 2019-07-19 319
=========
=========
净多单
ih1908 国泰期货 2019-07-19 350
ih1908 国投安信期货 2019-07-19 263
净空单
ih1908 广发期货 2019-07-19 1520
ih1908 银河期货 2019-07-19 319
=========
=========
净多单
j1909 中信期货 2019-07-19 4150
j1909 兴证期货 2019-07-19 3945
净空单
j1909 永安期货 2019-07-19 13141
j1909 国投安信期货 2019-07-19 4201
=========
=========
净多单
j1909 中信期货 2019-07-19 4150
j1909 兴证期货 2019-07-19 3945
净空单
j1909 永安期货 2019-07-19 13141
j1909 国投安信期货 2019-07-19 4201
=========
=========
净多单
jd1909 中信期货 2019-07-19 3242
jd1909 国泰期货 2019-07-19 2626
净空单
jd1909 中信建投期货 2019-07-19 2492
jd1909 华安期货 2019-07-19 2161
=========
=========
净多单
jd1909 中信期货 2019-07-19 3242
jd1909 国泰期货 2019-07-19 2626
净空单
jd1909 中信建投期货 2019-07-19 2492
jd1909 华安期货 2019-07-19 2161
=========
=========
净多单
jm1909 国泰期货 2019-07-19 2377
jm1909 中信期货 2019-07-19 2336
净空单
jm1909 中粮期货 2019-07-19 4766
jm1909 东海期货 2019-07-19 3529
=========
=========
净多单
jm1909 国泰期货 2019-07-19 2377
jm1909 中信期货 2019-07-19 2336
净空单
jm1909 中粮期货 2019-07-19 4766
jm1909 东海期货 2019-07-19 3529
=========
=========
净多单
l1909 南华期货 2019-07-19 15286
l1909 广发期货 2019-07-19 13199
净空单
l1909 永安期货 2019-07-19 32457
l1909 国投安信期货 2019-07-19 16601
=========
=========
净多单
l1909 南华期货 2019-07-19 15286
l1909 广发期货 2019-07-19 13199
净空单
l1909 永安期货 2019-07-19 32457
l1909 国投安信期货 2019-07-19 16601
=========
=========
净多单
m1909 申银万国期货 2019-07-19 78440
m1909 兴证期货 2019-07-19 20697
净空单
m1909 国投安信期货 2019-07-19 75715
m1909 广发期货 2019-07-19 40114
=========
=========
净多单
m1909 申银万国期货 2019-07-19 78440
m1909 兴证期货 2019-07-19 20697
净空单
m1909 国投安信期货 2019-07-19 75715
m1909 广发期货 2019-07-19 40114
=========
=========
净多单
ma1909 银河期货 2019-07-19 13986
ma1909 东海期货 2019-07-19 4373
净空单
ma1909 永安期货 2019-07-19 82275
ma1909 海通期货 2019-07-19 16046
=========
=========
净多单
ma1909 银河期货 2019-07-19 13986
ma1909 东海期货 2019-07-19 4373
净空单
ma1909 永安期货 2019-07-19 82275
ma1909 海通期货 2019-07-19 16046
=========
=========
净多单
ni1910 光大期货 2019-07-19 5639
ni1910 华泰期货 2019-07-19 3334
净空单
ni1910 五矿经易期货 2019-07-19 3143
ni1910 国泰期货 2019-07-19 2656
=========
=========
净多单
ni1910 光大期货 2019-07-19 5639
ni1910 华泰期货 2019-07-19 3334
净空单
ni1910 五矿经易期货 2019-07-19 3143
ni1910 国泰期货 2019-07-19 2656
=========
=========
净多单
oi1909 中信建投期货 2019-07-19 4256
oi1909 中粮期货 2019-07-19 1356
净空单
oi1909 申银万国期货 2019-07-19 3477
oi1909 中国国际期货 2019-07-19 3314
=========
=========
净多单
oi1909 中信建投期货 2019-07-19 4256
oi1909 中粮期货 2019-07-19 1356
净空单
oi1909 申银万国期货 2019-07-19 3477
oi1909 中国国际期货 2019-07-19 3314
=========
=========
净多单
p1909 广发期货 2019-07-19 9459
p1909 方正中期期货 2019-07-19 8614
净空单
p1909 中信期货 2019-07-19 24505
p1909 华泰期货 2019-07-19 13147
=========
=========
净多单
p1909 广发期货 2019-07-19 9459
p1909 方正中期期货 2019-07-19 8614
净空单
p1909 中信期货 2019-07-19 24505
p1909 华泰期货 2019-07-19 13147
=========
=========
净多单
pb1909 南华期货 2019-07-19 3499
pb1909 中信期货 2019-07-19 2458
净空单
pb1909 五矿经易期货 2019-07-19 2984
pb1909 兴证期货 2019-07-19 282
=========
=========
净多单
pb1909 南华期货 2019-07-19 3499
pb1909 中信期货 2019-07-19 2458
净空单
pb1909 五矿经易期货 2019-07-19 2984
pb1909 兴证期货 2019-07-19 282
=========
=========
净多单
rb1910 方正中期期货 2019-07-19 23703
rb1910 中信期货 2019-07-19 23641
净空单
rb1910 永安期货 2019-07-19 88636
rb1910 五矿经易期货 2019-07-19 18387
=========
=========
净多单
rb1910 方正中期期货 2019-07-19 23703
rb1910 中信期货 2019-07-19 23641
净空单
rb1910 永安期货 2019-07-19 88636
rb1910 五矿经易期货 2019-07-19 18387
=========
=========
净多单
rm1909 永安期货 2019-07-19 15479
rm1909 南华期货 2019-07-19 8110
净空单
rm1909 中粮期货 2019-07-19 8546
rm1909 银河期货 2019-07-19 5986
=========
=========
净多单
rm1909 永安期货 2019-07-19 15479
rm1909 南华期货 2019-07-19 8110
净空单
rm1909 中粮期货 2019-07-19 8546
rm1909 银河期货 2019-07-19 5986
=========
=========
净多单
ru1909 方正中期期货 2019-07-19 2978
ru1909 南华期货 2019-07-19 2205
净空单
ru1909 国投安信期货 2019-07-19 9878
ru1909 中信期货 2019-07-19 8347
=========
=========
净多单
ru1909 方正中期期货 2019-07-19 2978
ru1909 南华期货 2019-07-19 2205
净空单
ru1909 国投安信期货 2019-07-19 9878
ru1909 中信期货 2019-07-19 8347
=========
=========
净多单
sf1909 兴业期货 2019-07-19 7456
sf1909 东航期货 2019-07-19 1557
净空单
sf1909 弘业期货 2019-07-19 3611
sf1909 中信期货 2019-07-19 1346
=========
=========
净多单
sf1909 兴业期货 2019-07-19 7456
sf1909 东航期货 2019-07-19 1557
净空单
sf1909 弘业期货 2019-07-19 3611
sf1909 中信期货 2019-07-19 1346
=========
=========
净多单
sm1909 永安期货 2019-07-19 623
sm1909 华泰期货 2019-07-19 573
净空单
sm1909 中信期货 2019-07-19 750
sm1909 东证期货 2019-07-19 420
=========
=========
净多单
sm1909 永安期货 2019-07-19 623
sm1909 华泰期货 2019-07-19 573
净空单
sm1909 中信期货 2019-07-19 750
sm1909 东证期货 2019-07-19 420
=========
=========
净多单
sn1909 国泰期货 2019-07-19 701
sn1909 方正中期期货 2019-07-19 436
净空单
sn1909 中信期货 2019-07-19 1595
sn1909 五矿经易期货 2019-07-19 369
=========
=========
净多单
sn1909 国泰期货 2019-07-19 701
sn1909 方正中期期货 2019-07-19 436
净空单
sn1909 中信期货 2019-07-19 1595
sn1909 五矿经易期货 2019-07-19 369
=========
=========
净多单
sp1909 银河期货 2019-07-19 1822
sp1909 兴证期货 2019-07-19 1479
净空单
sp1909 永安期货 2019-07-19 22371
sp1909 华泰期货 2019-07-19 3453
=========
=========
净多单
sp1909 银河期货 2019-07-19 1822
sp1909 兴证期货 2019-07-19 1479
净空单
sp1909 永安期货 2019-07-19 22371
sp1909 华泰期货 2019-07-19 3453
=========
=========
净多单
sr1909 宏源期货 2019-07-19 11206
sr1909 海通期货 2019-07-19 3557
净空单
sr1909 中粮期货 2019-07-19 23050
sr1909 光大期货 2019-07-19 9888
=========
=========
净多单
sr1909 宏源期货 2019-07-19 11206
sr1909 海通期货 2019-07-19 3557
净空单
sr1909 中粮期货 2019-07-19 23050
sr1909 光大期货 2019-07-19 9888
=========
=========
净多单
ta1909 永安期货 2019-07-19 64092
ta1909 中信期货 2019-07-19 7073
净空单
ta1909 银河期货 2019-07-19 37847
ta1909 光大期货 2019-07-19 9201
=========
=========
净多单
ta1909 永安期货 2019-07-19 64092
ta1909 中信期货 2019-07-19 7073
净空单
ta1909 银河期货 2019-07-19 37847
ta1909 光大期货 2019-07-19 9201
=========
=========
净多单
y1909 中粮期货 2019-07-19 39127
y1909 光大期货 2019-07-19 10177
净空单
y1909 永安期货 2019-07-19 26131
y1909 国投安信期货 2019-07-19 19265
=========
=========
净多单
y1909 中粮期货 2019-07-19 39127
y1909 光大期货 2019-07-19 10177
净空单
y1909 永安期货 2019-07-19 26131
y1909 国投安信期货 2019-07-19 19265
=========
=========
净多单
zc1909 新湖期货 2019-07-19 1038
zc1909 东证期货 2019-07-19 659
净空单
zc1909 永安期货 2019-07-19 3919
zc1909 银河期货 2019-07-19 3612
=========
=========
净多单
zc1909 新湖期货 2019-07-19 1038
zc1909 东证期货 2019-07-19 659
净空单
zc1909 永安期货 2019-07-19 3919
zc1909 银河期货 2019-07-19 3612
=========
=========
净多单
zn1909 中信期货 2019-07-19 3401
zn1909 国投安信期货 2019-07-19 3048
净空单
zn1909 永安期货 2019-07-19 13700
zn1909 华泰期货 2019-07-19 5551
=========
=========
净多单
zn1909 中信期货 2019-07-19 3401
zn1909 国投安信期货 2019-07-19 3048
净空单
zn1909 永安期货 2019-07-19 13700
zn1909 华泰期货 2019-07-19 5551
=========
运行完成
运行完成
